c:\users\asabi\documents\github\projet_moteur_lib\moteur new\moteur new\x64\debug\vc143.pdb
c:\users\asabi\documents\github\projet_moteur_lib\moteur new\moteur new\x64\debug\vc143.idb
c:\users\asabi\documents\github\projet_moteur_lib\moteur new\moteur new\x64\debug\utils.obj
c:\users\asabi\documents\github\projet_moteur_lib\moteur new\moteur new\x64\debug\transform.obj
c:\users\asabi\documents\github\projet_moteur_lib\moteur new\moteur new\x64\debug\source.obj
c:\users\asabi\documents\github\projet_moteur_lib\moteur new\moteur new\x64\debug\shader.obj
c:\users\asabi\documents\github\projet_moteur_lib\moteur new\moteur new\x64\debug\moteur.obj
c:\users\asabi\documents\github\projet_moteur_lib\moteur new\moteur new\x64\debug\mesh.obj
c:\users\asabi\documents\github\projet_moteur_lib\moteur new\moteur new\x64\debug\input.obj
c:\users\asabi\documents\github\projet_moteur_lib\moteur new\moteur new\x64\debug\gotester.obj
c:\users\asabi\documents\github\projet_moteur_lib\moteur new\moteur new\x64\debug\gameobject.obj
c:\users\asabi\documents\github\projet_moteur_lib\moteur new\moteur new\x64\debug\component.obj
c:\users\asabi\documents\github\projet_moteur_lib\moteur new\moteur new\x64\debug\moteur new.ilk
c:\users\asabi\documents\github\projet_moteur_lib\moteur new\x64\debug\moteur new.exe
c:\users\asabi\documents\github\projet_moteur_lib\moteur new\x64\debug\moteur new.pdb
c:\users\asabi\documents\github\projet_moteur_lib\moteur new\moteur new\x64\debug\moteur new.tlog\cl.command.1.tlog
c:\users\asabi\documents\github\projet_moteur_lib\moteur new\moteur new\x64\debug\moteur new.tlog\cl.read.1.tlog
c:\users\asabi\documents\github\projet_moteur_lib\moteur new\moteur new\x64\debug\moteur new.tlog\cl.write.1.tlog
c:\users\asabi\documents\github\projet_moteur_lib\moteur new\moteur new\x64\debug\moteur new.tlog\link.command.1.tlog
c:\users\asabi\documents\github\projet_moteur_lib\moteur new\moteur new\x64\debug\moteur new.tlog\link.read.1.tlog
c:\users\asabi\documents\github\projet_moteur_lib\moteur new\moteur new\x64\debug\moteur new.tlog\link.write.1.tlog
